  [1m[36m (3.2ms)[0m  [1mCREATE TABLE "schema_migrations" ("version" varchar NOT NULL) [0m
  [1m[35m (3.3ms)[0m  select sqlite_version(*)
  [1m[36m (3.6ms)[0m  [1mCREATE UNIQUE INDEX "unique_schema_migrations" ON "schema_migrations" ("version")[0m
  [1m[35mActiveRecord::SchemaMigration Load (0.1ms)[0m  SELECT "schema_migrations".* FROM "schema_migrations"


Started GET "/" for ::1 at 2016-02-27 12:30:30 -0500
Processing by Rails::WelcomeController#index as HTML
  Rendered /Users/danielweiner/.rvm/gems/ruby-2.2.1/gems/railties-4.2.1/lib/rails/templates/rails/welcome/index.html.erb (4.3ms)
Completed 200 OK in 49ms (Views: 28.7ms | ActiveRecord: 0.0ms)


Started GET "/home" for ::1 at 2016-02-27 12:30:38 -0500

ActionController::RoutingError (No route matches [GET] "/home"):
  actionpack (4.2.1) lib/action_dispatch/middleware/debug_exceptions.rb:21:in `call'
  web-console (2.3.0) lib/web_console/middleware.rb:28:in `block in call'
  web-console (2.3.0) lib/web_console/middleware.rb:18:in `catch'
  web-console (2.3.0) lib/web_console/middleware.rb:18:in `call'
  actionpack (4.2.1) lib/action_dispatch/middleware/show_exceptions.rb:30:in `call'
  railties (4.2.1) lib/rails/rack/logger.rb:38:in `call_app'
  railties (4.2.1) lib/rails/rack/logger.rb:20:in `block in call'
  activesupport (4.2.1) lib/active_support/tagged_logging.rb:68:in `block in tagged'
  activesupport (4.2.1) lib/active_support/tagged_logging.rb:26:in `tagged'
  activesupport (4.2.1) lib/active_support/tagged_logging.rb:68:in `tagged'
  railties (4.2.1) lib/rails/rack/logger.rb:20:in `call'
  actionpack (4.2.1) lib/action_dispatch/middleware/request_id.rb:21:in `call'
  rack (1.6.4) lib/rack/methodoverride.rb:22:in `call'
  rack (1.6.4) lib/rack/runtime.rb:18:in `call'
  activesupport (4.2.1) lib/active_support/cache/strategy/local_cache_middleware.rb:28:in `call'
  rack (1.6.4) lib/rack/lock.rb:17:in `call'
  actionpack (4.2.1) lib/action_dispatch/middleware/static.rb:113:in `call'
  rack (1.6.4) lib/rack/sendfile.rb:113:in `call'
  railties (4.2.1) lib/rails/engine.rb:518:in `call'
  railties (4.2.1) lib/rails/application.rb:164:in `call'
  rack (1.6.4) lib/rack/lock.rb:17:in `call'
  rack (1.6.4) lib/rack/content_length.rb:15:in `call'
  rack (1.6.4) lib/rack/handler/webrick.rb:88:in `service'
  /Users/danielweiner/.rvm/rubies/ruby-2.2.1/lib/ruby/2.2.0/webrick/httpserver.rb:138:in `service'
  /Users/danielweiner/.rvm/rubies/ruby-2.2.1/lib/ruby/2.2.0/webrick/httpserver.rb:94:in `run'
  /Users/danielweiner/.rvm/rubies/ruby-2.2.1/lib/ruby/2.2.0/webrick/server.rb:294:in `block in start_thread'


  Rendered /Users/danielweiner/.rvm/gems/ruby-2.2.1/gems/actionpack-4.2.1/lib/action_dispatch/middleware/templates/rescues/_trace.html.erb (2.4ms)
  Rendered /Users/danielweiner/.rvm/gems/ruby-2.2.1/gems/actionpack-4.2.1/lib/action_dispatch/middleware/templates/routes/_route.html.erb (1.1ms)
  Rendered /Users/danielweiner/.rvm/gems/ruby-2.2.1/gems/actionpack-4.2.1/lib/action_dispatch/middleware/templates/routes/_table.html.erb (28.4ms)
  Rendered /Users/danielweiner/.rvm/gems/ruby-2.2.1/gems/actionpack-4.2.1/lib/action_dispatch/middleware/templates/rescues/_request_and_response.html.erb (1.6ms)
  Rendered /Users/danielweiner/.rvm/gems/ruby-2.2.1/gems/actionpack-4.2.1/lib/action_dispatch/middleware/templates/rescues/routing_error.html.erb within rescues/layout (130.0ms)
  Rendered /Users/danielweiner/.rvm/gems/ruby-2.2.1/gems/web-console-2.3.0/lib/web_console/templates/_markup.html.erb (0.7ms)
  Rendered /Users/danielweiner/.rvm/gems/ruby-2.2.1/gems/web-console-2.3.0/lib/web_console/templates/_inner_console_markup.html.erb within layouts/inlined_string (0.8ms)
  Rendered /Users/danielweiner/.rvm/gems/ruby-2.2.1/gems/web-console-2.3.0/lib/web_console/templates/_prompt_box_markup.html.erb within layouts/inlined_string (0.4ms)
  Rendered /Users/danielweiner/.rvm/gems/ruby-2.2.1/gems/web-console-2.3.0/lib/web_console/templates/style.css.erb within layouts/inlined_string (1.0ms)
  Rendered /Users/danielweiner/.rvm/gems/ruby-2.2.1/gems/web-console-2.3.0/lib/web_console/templates/console.js.erb within layouts/javascript (97.7ms)
  Rendered /Users/danielweiner/.rvm/gems/ruby-2.2.1/gems/web-console-2.3.0/lib/web_console/templates/main.js.erb within layouts/javascript (0.4ms)
  Rendered /Users/danielweiner/.rvm/gems/ruby-2.2.1/gems/web-console-2.3.0/lib/web_console/templates/error_page.js.erb within layouts/javascript (0.5ms)
  Rendered /Users/danielweiner/.rvm/gems/ruby-2.2.1/gems/web-console-2.3.0/lib/web_console/templates/index.html.erb (183.7ms)


Started GET "/" for ::1 at 2016-02-27 12:31:14 -0500
Processing by HomeController#index as HTML
  Rendered home/index.html.erb within layouts/application (1.1ms)
Completed 200 OK in 2168ms (Views: 2166.5ms | ActiveRecord: 0.0ms)


Started GET "/assets/application.self-e80e8f2318043e8af94dddc2adad5a4f09739a8ebb323b3ab31cd71d45fd9113.css?body=1" for ::1 at 2016-02-27 12:31:16 -0500


Started GET "/assets/jquery_ujs.self-d602bdfe68ffc63b9f9cc512872aa3cfff046228a0a36e90dd476e8ef54c1b09.js?body=1" for ::1 at 2016-02-27 12:31:16 -0500


Started GET "/assets/turbolinks.self-c37727e9bd6b2735da5c311aa83fead54ed0be6cc8bd9a65309e9c5abe2cbfff.js?body=1" for ::1 at 2016-02-27 12:31:16 -0500


Started GET "/assets/home.self-e3b0c44298fc1c149afbf4c8996fb92427ae41e4649b934ca495991b7852b855.css?body=1" for ::1 at 2016-02-27 12:31:16 -0500


Started GET "/assets/home.self-877aef30ae1b040ab8a3aba4e3e309a11d7f2612f44dde450b5c157aa5f95c05.js?body=1" for ::1 at 2016-02-27 12:31:16 -0500


Started GET "/assets/application.self-3b8dabdc891efe46b9a144b400ad69e37d7e5876bdc39dee783419a69d7ca819.js?body=1" for ::1 at 2016-02-27 12:31:16 -0500
  [1m[36mActiveRecord::SchemaMigration Load (2.2ms)[0m  [1mSELECT "schema_migrations".* FROM "schema_migrations"[0m
Migrating to CreateArticles (20160227174045)
  [1m[35m (0.1ms)[0m  begin transaction
  [1m[36m (0.8ms)[0m  [1mCREATE TABLE "articles" ("id" INTEGER PRIMARY KEY AUTOINCREMENT NOT NULL, "title" varchar, "body" text, "created_at" datetime NOT NULL, "updated_at" datetime NOT NULL) [0m
  [1m[35mSQL (0.2ms)[0m  INSERT INTO "schema_migrations" ("version") VALUES (?)  [["version", "20160227174045"]]
  [1m[36m (2.7ms)[0m  [1mcommit transaction[0m
  [1m[35mActiveRecord::SchemaMigration Load (0.1ms)[0m  SELECT "schema_migrations".* FROM "schema_migrations"


Started GET "/" for ::1 at 2016-02-27 15:56:23 -0500
  [1m[36mActiveRecord::SchemaMigration Load (2.1ms)[0m  [1mSELECT "schema_migrations".* FROM "schema_migrations"[0m
Processing by HomeController#index as HTML
  Rendered home/index.html.erb within layouts/application (3.9ms)
Completed 200 OK in 685ms (Views: 669.3ms | ActiveRecord: 0.0ms)


Started GET "/assets/articles.self-e3b0c44298fc1c149afbf4c8996fb92427ae41e4649b934ca495991b7852b855.css?body=1" for ::1 at 2016-02-27 15:56:25 -0500


Started GET "/assets/articles.self-877aef30ae1b040ab8a3aba4e3e309a11d7f2612f44dde450b5c157aa5f95c05.js?body=1" for ::1 at 2016-02-27 15:56:25 -0500


Started GET "/articles" for ::1 at 2016-02-27 15:56:43 -0500
Processing by ArticlesController#index as HTML
  [1m[35mArticle Load (2.4ms)[0m  SELECT "articles".* FROM "articles"
  Rendered articles/index.html.erb within layouts/application (4.7ms)
Completed 200 OK in 47ms (Views: 42.4ms | ActiveRecord: 2.6ms)


Started GET "/articles" for ::1 at 2016-02-27 15:57:00 -0500
Processing by ArticlesController#index as HTML
  [1m[36mArticle Load (0.4ms)[0m  [1mSELECT "articles".* FROM "articles"[0m
  Rendered articles/index.html.erb within layouts/application (1.3ms)
Completed 200 OK in 44ms (Views: 43.0ms | ActiveRecord: 0.4ms)


Started GET "/assets/articles.self-e3b0c44298fc1c149afbf4c8996fb92427ae41e4649b934ca495991b7852b855.css?body=1" for ::1 at 2016-02-27 15:57:00 -0500


Started GET "/assets/home.self-e3b0c44298fc1c149afbf4c8996fb92427ae41e4649b934ca495991b7852b855.css?body=1" for ::1 at 2016-02-27 15:57:00 -0500


Started GET "/assets/application.self-e80e8f2318043e8af94dddc2adad5a4f09739a8ebb323b3ab31cd71d45fd9113.css?body=1" for ::1 at 2016-02-27 15:57:00 -0500


Started GET "/assets/turbolinks.self-c37727e9bd6b2735da5c311aa83fead54ed0be6cc8bd9a65309e9c5abe2cbfff.js?body=1" for ::1 at 2016-02-27 15:57:00 -0500


Started GET "/assets/articles.self-877aef30ae1b040ab8a3aba4e3e309a11d7f2612f44dde450b5c157aa5f95c05.js?body=1" for ::1 at 2016-02-27 15:57:00 -0500


Started GET "/assets/jquery.self-c64a74367bda6ef8b860f19e74df08927ca99d2be2ac934e9e92d5fd361e0da4.js?body=1" for ::1 at 2016-02-27 15:57:00 -0500


Started GET "/assets/jquery_ujs.self-d602bdfe68ffc63b9f9cc512872aa3cfff046228a0a36e90dd476e8ef54c1b09.js?body=1" for ::1 at 2016-02-27 15:57:00 -0500


Started GET "/assets/home.self-877aef30ae1b040ab8a3aba4e3e309a11d7f2612f44dde450b5c157aa5f95c05.js?body=1" for ::1 at 2016-02-27 15:57:00 -0500


Started GET "/assets/application.self-3b8dabdc891efe46b9a144b400ad69e37d7e5876bdc39dee783419a69d7ca819.js?body=1" for ::1 at 2016-02-27 15:57:00 -0500
  [1m[36m (1.0ms)[0m  [1mbegin transaction[0m
  [1m[35mSQL (3.2ms)[0m  INSERT INTO "articles" ("title", "body", "created_at", "updated_at") VALUES (?, ?, ?, ?)  [["title", "The next tech boom"], ["body", "The next tech boom will happen soon"], ["created_at", "2016-02-27 20:57:10.208791"], ["updated_at", "2016-02-27 20:57:10.208791"]]
  [1m[36m (2.6ms)[0m  [1mcommit transaction[0m


Started GET "/articles" for ::1 at 2016-02-27 15:57:16 -0500
Processing by ArticlesController#index as HTML
  [1m[35mArticle Load (0.2ms)[0m  SELECT "articles".* FROM "articles"
  Rendered articles/index.html.erb within layouts/application (5.3ms)
Completed 200 OK in 25ms (Views: 23.7ms | ActiveRecord: 0.4ms)


Started GET "/assets/articles.self-e3b0c44298fc1c149afbf4c8996fb92427ae41e4649b934ca495991b7852b855.css?body=1" for ::1 at 2016-02-27 15:57:16 -0500


Started GET "/assets/jquery_ujs.self-d602bdfe68ffc63b9f9cc512872aa3cfff046228a0a36e90dd476e8ef54c1b09.js?body=1" for ::1 at 2016-02-27 15:57:16 -0500


Started GET "/assets/jquery.self-c64a74367bda6ef8b860f19e74df08927ca99d2be2ac934e9e92d5fd361e0da4.js?body=1" for ::1 at 2016-02-27 15:57:16 -0500


Started GET "/assets/home.self-e3b0c44298fc1c149afbf4c8996fb92427ae41e4649b934ca495991b7852b855.css?body=1" for ::1 at 2016-02-27 15:57:16 -0500


Started GET "/assets/application.self-e80e8f2318043e8af94dddc2adad5a4f09739a8ebb323b3ab31cd71d45fd9113.css?body=1" for ::1 at 2016-02-27 15:57:16 -0500


Started GET "/assets/turbolinks.self-c37727e9bd6b2735da5c311aa83fead54ed0be6cc8bd9a65309e9c5abe2cbfff.js?body=1" for ::1 at 2016-02-27 15:57:16 -0500


Started GET "/assets/articles.self-877aef30ae1b040ab8a3aba4e3e309a11d7f2612f44dde450b5c157aa5f95c05.js?body=1" for ::1 at 2016-02-27 15:57:16 -0500


Started GET "/assets/home.self-877aef30ae1b040ab8a3aba4e3e309a11d7f2612f44dde450b5c157aa5f95c05.js?body=1" for ::1 at 2016-02-27 15:57:16 -0500


Started GET "/assets/application.self-3b8dabdc891efe46b9a144b400ad69e37d7e5876bdc39dee783419a69d7ca819.js?body=1" for ::1 at 2016-02-27 15:57:16 -0500


Started GET "/" for ::1 at 2016-02-27 15:59:40 -0500
Processing by HomeController#index as HTML
  Rendered home/index.html.erb within layouts/application (0.9ms)
Completed 200 OK in 94ms (Views: 87.6ms | ActiveRecord: 0.0ms)


Started GET "/articles" for ::1 at 2016-02-27 15:59:50 -0500
Processing by ArticlesController#index as HTML
  [1m[36mArticle Load (0.8ms)[0m  [1mSELECT "articles".* FROM "articles"[0m
  Rendered articles/index.html.erb within layouts/application (7.6ms)
Completed 200 OK in 39ms (Views: 35.2ms | ActiveRecord: 0.8ms)
  [1m[36m (3.5ms)[0m  [1mCREATE TABLE "schema_migrations" ("version" varchar NOT NULL) [0m
  [1m[35m (3.3ms)[0m  select sqlite_version(*)
  [1m[36m (3.4ms)[0m  [1mCREATE UNIQUE INDEX "unique_schema_migrations" ON "schema_migrations" ("version")[0m
  [1m[35mActiveRecord::SchemaMigration Load (0.1ms)[0m  SELECT "schema_migrations".* FROM "schema_migrations"
Migrating to CreateArticles (20160227174045)
  [1m[36m (0.1ms)[0m  [1mbegin transaction[0m
  [1m[35m (0.7ms)[0m  CREATE TABLE "articles" ("id" INTEGER PRIMARY KEY AUTOINCREMENT NOT NULL, "title" varchar, "body" text, "created_at" datetime NOT NULL, "updated_at" datetime NOT NULL) 
  [1m[36mSQL (0.3ms)[0m  [1mINSERT INTO "schema_migrations" ("version") VALUES (?)[0m  [["version", "20160227174045"]]
  [1m[35m (2.6ms)[0m  commit transaction
  [1m[36mActiveRecord::SchemaMigration Load (0.2ms)[0m  [1mSELECT "schema_migrations".* FROM "schema_migrations"[0m
  [1m[36mActiveRecord::SchemaMigration Load (2.4ms)[0m  [1mSELECT "schema_migrations".* FROM "schema_migrations"[0m
  [1m[35m (0.1ms)[0m  begin transaction
  [1m[36mSQL (4.1ms)[0m  [1mINSERT INTO "articles" ("title", "body", "created_at", "updated_at") VALUES (?, ?, ?, ?)[0m  [["title", "Example Title"], ["body", "Example Article"], ["created_at", "2016-02-28 18:47:48.871745"], ["updated_at", "2016-02-28 18:47:48.871745"]]
  [1m[35m (3.3ms)[0m  commit transaction


Started GET "/" for ::1 at 2016-02-28 13:48:44 -0500
  [1m[36mActiveRecord::SchemaMigration Load (2.2ms)[0m  [1mSELECT "schema_migrations".* FROM "schema_migrations"[0m
Processing by HomeController#index as HTML
  Rendered home/index.html.erb within layouts/application (5.5ms)
Completed 200 OK in 462ms (Views: 442.8ms | ActiveRecord: 0.0ms)


Started GET "/articles" for ::1 at 2016-02-28 13:48:53 -0500
Processing by ArticlesController#index as HTML
  [1m[35mArticle Load (2.2ms)[0m  SELECT "articles".* FROM "articles"
  Rendered articles/index.html.erb within layouts/application (7.0ms)
Completed 200 OK in 29ms (Views: 23.6ms | ActiveRecord: 2.6ms)


Started GET "/articles" for ::1 at 2016-02-28 13:48:59 -0500
Processing by ArticlesController#index as HTML
  [1m[36mArticle Load (0.1ms)[0m  [1mSELECT "articles".* FROM "articles"[0m
  Rendered articles/index.html.erb within layouts/application (0.6ms)
Completed 200 OK in 19ms (Views: 17.7ms | ActiveRecord: 0.1ms)


Started GET "/assets/articles.self-e3b0c44298fc1c149afbf4c8996fb92427ae41e4649b934ca495991b7852b855.css?body=1" for ::1 at 2016-02-28 13:48:59 -0500


Started GET "/assets/application.self-e80e8f2318043e8af94dddc2adad5a4f09739a8ebb323b3ab31cd71d45fd9113.css?body=1" for ::1 at 2016-02-28 13:48:59 -0500


Started GET "/assets/home.self-e3b0c44298fc1c149afbf4c8996fb92427ae41e4649b934ca495991b7852b855.css?body=1" for ::1 at 2016-02-28 13:48:59 -0500


Started GET "/assets/jquery.self-c64a74367bda6ef8b860f19e74df08927ca99d2be2ac934e9e92d5fd361e0da4.js?body=1" for ::1 at 2016-02-28 13:48:59 -0500


Started GET "/assets/jquery_ujs.self-d602bdfe68ffc63b9f9cc512872aa3cfff046228a0a36e90dd476e8ef54c1b09.js?body=1" for ::1 at 2016-02-28 13:48:59 -0500


Started GET "/assets/turbolinks.self-c37727e9bd6b2735da5c311aa83fead54ed0be6cc8bd9a65309e9c5abe2cbfff.js?body=1" for ::1 at 2016-02-28 13:48:59 -0500


Started GET "/assets/articles.self-877aef30ae1b040ab8a3aba4e3e309a11d7f2612f44dde450b5c157aa5f95c05.js?body=1" for ::1 at 2016-02-28 13:48:59 -0500


Started GET "/assets/home.self-877aef30ae1b040ab8a3aba4e3e309a11d7f2612f44dde450b5c157aa5f95c05.js?body=1" for ::1 at 2016-02-28 13:48:59 -0500


Started GET "/assets/application.self-3b8dabdc891efe46b9a144b400ad69e37d7e5876bdc39dee783419a69d7ca819.js?body=1" for ::1 at 2016-02-28 13:48:59 -0500


Started GET "/articles" for ::1 at 2016-02-28 13:51:11 -0500
Processing by ArticlesController#index as HTML
  [1m[35mArticle Load (0.2ms)[0m  SELECT "articles".* FROM "articles"
  Rendered articles/index.html.erb within layouts/application (0.7ms)
Completed 200 OK in 23ms (Views: 22.4ms | ActiveRecord: 0.2ms)


Started GET "/assets/articles.self-e3b0c44298fc1c149afbf4c8996fb92427ae41e4649b934ca495991b7852b855.css?body=1" for ::1 at 2016-02-28 13:51:11 -0500


Started GET "/assets/application.self-e80e8f2318043e8af94dddc2adad5a4f09739a8ebb323b3ab31cd71d45fd9113.css?body=1" for ::1 at 2016-02-28 13:51:11 -0500


Started GET "/assets/home.self-e3b0c44298fc1c149afbf4c8996fb92427ae41e4649b934ca495991b7852b855.css?body=1" for ::1 at 2016-02-28 13:51:11 -0500


Started GET "/assets/turbolinks.self-c37727e9bd6b2735da5c311aa83fead54ed0be6cc8bd9a65309e9c5abe2cbfff.js?body=1" for ::1 at 2016-02-28 13:51:11 -0500


Started GET "/assets/jquery_ujs.self-d602bdfe68ffc63b9f9cc512872aa3cfff046228a0a36e90dd476e8ef54c1b09.js?body=1" for ::1 at 2016-02-28 13:51:11 -0500


Started GET "/assets/jquery.self-c64a74367bda6ef8b860f19e74df08927ca99d2be2ac934e9e92d5fd361e0da4.js?body=1" for ::1 at 2016-02-28 13:51:11 -0500


Started GET "/assets/articles.self-877aef30ae1b040ab8a3aba4e3e309a11d7f2612f44dde450b5c157aa5f95c05.js?body=1" for ::1 at 2016-02-28 13:51:11 -0500


Started GET "/assets/home.self-877aef30ae1b040ab8a3aba4e3e309a11d7f2612f44dde450b5c157aa5f95c05.js?body=1" for ::1 at 2016-02-28 13:51:11 -0500


Started GET "/assets/application.self-3b8dabdc891efe46b9a144b400ad69e37d7e5876bdc39dee783419a69d7ca819.js?body=1" for ::1 at 2016-02-28 13:51:11 -0500


Started GET "/" for ::1 at 2016-02-28 13:54:58 -0500
Processing by HomeController#index as HTML
  Rendered home/index.html.erb within layouts/application (0.1ms)
Completed 200 OK in 84ms (Views: 83.0ms | ActiveRecord: 0.0ms)
  [1m[36m (3.7ms)[0m  [1mCREATE TABLE "schema_migrations" ("version" varchar NOT NULL) [0m
  [1m[35m (0.1ms)[0m  select sqlite_version(*)
  [1m[36m (3.2ms)[0m  [1mCREATE UNIQUE INDEX "unique_schema_migrations" ON "schema_migrations" ("version")[0m
  [1m[35mActiveRecord::SchemaMigration Load (0.1ms)[0m  SELECT "schema_migrations".* FROM "schema_migrations"
Migrating to CreateArticles (20160227174045)
  [1m[36m (0.1ms)[0m  [1mbegin transaction[0m
  [1m[35m (0.6ms)[0m  CREATE TABLE "articles" ("id" INTEGER PRIMARY KEY AUTOINCREMENT NOT NULL, "title" varchar, "body" text, "created_at" datetime NOT NULL, "updated_at" datetime NOT NULL) 
  [1m[36mSQL (0.3ms)[0m  [1mINSERT INTO "schema_migrations" ("version") VALUES (?)[0m  [["version", "20160227174045"]]
  [1m[35m (2.7ms)[0m  commit transaction
  [1m[36mActiveRecord::SchemaMigration Load (0.2ms)[0m  [1mSELECT "schema_migrations".* FROM "schema_migrations"[0m
  [1m[36mActiveRecord::SchemaMigration Load (0.1ms)[0m  [1mSELECT "schema_migrations".* FROM "schema_migrations"[0m
  [1m[35m (0.1ms)[0m  begin transaction
  [1m[36mSQL (0.8ms)[0m  [1mINSERT INTO "articles" ("title", "body", "created_at", "updated_at") VALUES (?, ?, ?, ?)[0m  [["title", "Example Title"], ["body", "Example Article"], ["created_at", "2016-02-28 19:01:42.166861"], ["updated_at", "2016-02-28 19:01:42.166861"]]
  [1m[35m (2.5ms)[0m  commit transaction
  [1m[36m (0.1ms)[0m  [1mbegin transaction[0m
  [1m[35mSQL (0.3ms)[0m  INSERT INTO "articles" ("title", "body", "created_at", "updated_at") VALUES (?, ?, ?, ?)  [["title", "Vinegar seitan carry irony disrupt fashion axe mixtape retro."], ["body", "Fanny pack williamsburg ethical semiotics sriracha bicycle rights gentrify truffaut. Umami mustache wes anderson. Wes anderson schlitz chartreuse lumbersexual dreamcatcher. Quinoa kale chips gentrify authentic narwhal poutine kinfolk."], ["created_at", "2016-02-28 19:01:42.710237"], ["updated_at", "2016-02-28 19:01:42.710237"]]
  [1m[36m (2.5ms)[0m  [1mcommit transaction[0m
  [1m[35m (0.1ms)[0m  begin transaction
  [1m[36mSQL (0.4ms)[0m  [1mINSERT INTO "articles" ("title", "body", "created_at", "updated_at") VALUES (?, ?, ?, ?)[0m  [["title", "Drinking banjo wes anderson art party quinoa leggings paleo."], ["body", "Twee ethical synth occupy. Plaid deep v marfa pork belly kogi venmo franzen. Art party hammock master truffaut taxidermy. Heirloom before they sold out salvia ramps. Pork belly vegan tumblr."], ["created_at", "2016-02-28 19:01:42.715309"], ["updated_at", "2016-02-28 19:01:42.715309"]]
  [1m[35m (2.9ms)[0m  commit transaction
  [1m[36m (0.1ms)[0m  [1mbegin transaction[0m
  [1m[35mSQL (0.6ms)[0m  INSERT INTO "articles" ("title", "body", "created_at", "updated_at") VALUES (?, ?, ?, ?)  [["title", "Distillery church-key lomo locavore 8-bit 3 wolf moon vinyl seitan biodiesel."], ["body", "Semiotics gastropub flannel letterpress everyday mustache lo-fi. Selfies ugh drinking leggings kickstarter. Umami letterpress vegan tumblr seitan."], ["created_at", "2016-02-28 19:01:42.721029"], ["updated_at", "2016-02-28 19:01:42.721029"]]
  [1m[36m (3.1ms)[0m  [1mcommit transaction[0m
  [1m[35m (0.1ms)[0m  begin transaction
  [1m[36mSQL (0.3ms)[0m  [1mINSERT INTO "articles" ("title", "body", "created_at", "updated_at") VALUES (?, ?, ?, ?)[0m  [["title", "Umami food truck deep v tousled etsy offal banh mi schlitz church-key."], ["body", "Waistcoat schlitz ugh flexitarian occupy pop-up brunch fap. Meggings 90's vice lomo shoreditch skateboard hella kale chips. Ugh knausgaard loko stumptown pbr&b."], ["created_at", "2016-02-28 19:01:42.727337"], ["updated_at", "2016-02-28 19:01:42.727337"]]
  [1m[35m (5.2ms)[0m  commit transaction
  [1m[36m (0.1ms)[0m  [1mbegin transaction[0m
  [1m[35mSQL (0.4ms)[0m  INSERT INTO "articles" ("title", "body", "created_at", "updated_at") VALUES (?, ?, ?, ?)  [["title", "Scenester literally yuccie selvage vice venmo artisan."], ["body", "Drinking poutine taxidermy +1 kinfolk trust fund locavore pork belly. Photo booth +1 leggings pinterest taxidermy cred. Mixtape crucifix everyday organic williamsburg tilde. Gluten-free art party kombucha. Lumbersexual vinyl mustache."], ["created_at", "2016-02-28 19:01:42.734990"], ["updated_at", "2016-02-28 19:01:42.734990"]]
  [1m[36m (2.6ms)[0m  [1mcommit transaction[0m
  [1m[35m (0.1ms)[0m  begin transaction
  [1m[36mSQL (0.4ms)[0m  [1mINSERT INTO "articles" ("title", "body", "created_at", "updated_at") VALUES (?, ?, ?, ?)[0m  [["title", "Cornhole fanny pack meggings umami everyday flannel put a bird on it poutine."], ["body", "Tattooed locavore taxidermy farm-to-table hammock. Leggings cleanse quinoa. Messenger bag knausgaard fixie."], ["created_at", "2016-02-28 19:01:42.740628"], ["updated_at", "2016-02-28 19:01:42.740628"]]
  [1m[35m (2.7ms)[0m  commit transaction
  [1m[36m (0.1ms)[0m  [1mbegin transaction[0m
  [1m[35mSQL (0.4ms)[0m  INSERT INTO "articles" ("title", "body", "created_at", "updated_at") VALUES (?, ?, ?, ?)  [["title", "Tacos chillwave intelligentsia vinyl microdosing iphone banjo small batch."], ["body", "Hella art party artisan cornhole stumptown cold-pressed wolf austin. Mumblecore actually intelligentsia keytar. Cronut locavore lo-fi forage disrupt synth austin. Cardigan wayfarers five dollar toast fashion axe. Scenester asymmetrical hoodie kickstarter franzen fixie everyday jean shorts."], ["created_at", "2016-02-28 19:01:42.746110"], ["updated_at", "2016-02-28 19:01:42.746110"]]
  [1m[36m (2.6ms)[0m  [1mcommit transaction[0m
  [1m[35m (0.1ms)[0m  begin transaction
  [1m[36mSQL (0.4ms)[0m  [1mINSERT INTO "articles" ("title", "body", "created_at", "updated_at") VALUES (?, ?, ?, ?)[0m  [["title", "You probably haven't heard of them plaid kogi viral health bitters."], ["body", "Tumblr whatever chillwave bespoke carry pabst vhs mumblecore. Vinyl chartreuse thundercats paleo. Pug put a bird on it letterpress bespoke mixtape ethical seitan. Chicharrones craft beer truffaut."], ["created_at", "2016-02-28 19:01:42.751350"], ["updated_at", "2016-02-28 19:01:42.751350"]]
  [1m[35m (2.6ms)[0m  commit transaction
  [1m[36m (0.1ms)[0m  [1mbegin transaction[0m
  [1m[35mSQL (0.4ms)[0m  INSERT INTO "articles" ("title", "body", "created_at", "updated_at") VALUES (?, ?, ?, ?)  [["title", "Chia neutra park microdosing offal schlitz."], ["body", "Vinegar tousled seitan. Twee cronut food truck knausgaard lo-fi. Whatever crucifix paleo jean shorts yuccie."], ["created_at", "2016-02-28 19:01:42.757185"], ["updated_at", "2016-02-28 19:01:42.757185"]]
  [1m[36m (2.6ms)[0m  [1mcommit transaction[0m
  [1m[35m (0.1ms)[0m  begin transaction
  [1m[36mSQL (0.4ms)[0m  [1mINSERT INTO "articles" ("title", "body", "created_at", "updated_at") VALUES (?, ?, ?, ?)[0m  [["title", "Street flexitarian brooklyn lomo biodiesel letterpress flannel scenester salvia."], ["body", "Readymade paleo food truck disrupt gastropub cold-pressed. Brunch vegan bicycle rights disrupt blog pabst blue bottle. Before they sold out whatever stumptown. Narwhal chartreuse jean shorts kinfolk pickled diy heirloom."], ["created_at", "2016-02-28 19:01:42.762545"], ["updated_at", "2016-02-28 19:01:42.762545"]]
  [1m[35m (2.7ms)[0m  commit transaction
  [1m[36mActiveRecord::SchemaMigration Load (2.3ms)[0m  [1mSELECT "schema_migrations".* FROM "schema_migrations"[0m
  [1m[35m (0.1ms)[0m  begin transaction
  [1m[36mSQL (3.0ms)[0m  [1mINSERT INTO "articles" ("title", "body", "created_at", "updated_at") VALUES (?, ?, ?, ?)[0m  [["title", "Example Title"], ["body", "Example Article"], ["created_at", "2016-02-28 19:02:21.218833"], ["updated_at", "2016-02-28 19:02:21.218833"]]
  [1m[35m (3.0ms)[0m  commit transaction
  [1m[36m (0.1ms)[0m  [1mbegin transaction[0m
  [1m[35mSQL (0.4ms)[0m  INSERT INTO "articles" ("title", "body", "created_at", "updated_at") VALUES (?, ?, ?, ?)  [["title", "Lumbersexual portland cardigan sriracha carry knausgaard ramps single-origin coffee pinterest."], ["body", "3 wolf moon hoodie lo-fi twee tacos bespoke pop-up. Yolo plaid pop-up. Yolo portland microdosing brunch. Farm-to-table pork belly kogi occupy lo-fi. Cray health migas intelligentsia narwhal."], ["created_at", "2016-02-28 19:02:21.987486"], ["updated_at", "2016-02-28 19:02:21.987486"]]
  [1m[36m (2.8ms)[0m  [1mcommit transaction[0m
  [1m[35m (0.1ms)[0m  begin transaction
  [1m[36mSQL (0.4ms)[0m  [1mINSERT INTO "articles" ("title", "body", "created_at", "updated_at") VALUES (?, ?, ?, ?)[0m  [["title", "Synth goth semiotics distillery readymade."], ["body", "Everyday celiac humblebrag banh mi flannel yr. Skateboard kinfolk vice direct trade fingerstache 3 wolf moon ugh. Vice vhs offal marfa. Vinegar narwhal letterpress marfa keffiyeh stumptown neutra post-ironic. Pop-up crucifix yr lo-fi fingerstache drinking fap venmo."], ["created_at", "2016-02-28 19:02:21.993814"], ["updated_at", "2016-02-28 19:02:21.993814"]]
  [1m[35m (3.6ms)[0m  commit transaction
  [1m[36m (0.2ms)[0m  [1mbegin transaction[0m
  [1m[35mSQL (0.4ms)[0m  INSERT INTO "articles" ("title", "body", "created_at", "updated_at") VALUES (?, ?, ?, ?)  [["title", "Kickstarter flannel stumptown selvage pbr&b deep v thundercats."], ["body", "Organic deep v humblebrag put a bird on it. Kitsch lomo messenger bag tousled bicycle rights mumblecore banjo. Vinegar cornhole jean shorts. Ramps you probably haven't heard of them tote bag post-ironic paleo. Small batch cardigan ramps swag quinoa."], ["created_at", "2016-02-28 19:02:22.000887"], ["updated_at", "2016-02-28 19:02:22.000887"]]
  [1m[36m (2.7ms)[0m  [1mcommit transaction[0m
  [1m[35m (0.1ms)[0m  begin transaction
  [1m[36mSQL (0.4ms)[0m  [1mINSERT INTO "articles" ("title", "body", "created_at", "updated_at") VALUES (?, ?, ?, ?)[0m  [["title", "Vice vegan dreamcatcher pug church-key meggings gentrify stumptown leggings."], ["body", "Craft beer swag disrupt put a bird on it normcore. Cronut kogi beard meditation intelligentsia. Deep v health thundercats yr pitchfork sriracha squid. Trust fund chia whatever cliche messenger bag poutine. Humblebrag iphone thundercats kogi loko echo banjo brooklyn."], ["created_at", "2016-02-28 19:02:22.006553"], ["updated_at", "2016-02-28 19:02:22.006553"]]
  [1m[35m (2.8ms)[0m  commit transaction
  [1m[36m (0.1ms)[0m  [1mbegin transaction[0m
  [1m[35mSQL (0.7ms)[0m  INSERT INTO "articles" ("title", "body", "created_at", "updated_at") VALUES (?, ?, ?, ?)  [["title", "Cornhole schlitz stumptown tattooed plaid blog small batch distillery pour-over."], ["body", "Green juice sartorial celiac shabby chic locavore. Biodiesel etsy pickled artisan meggings. Fap trust fund quinoa artisan yolo single-origin coffee flannel. Blog hoodie plaid master ramps literally."], ["created_at", "2016-02-28 19:02:22.012374"], ["updated_at", "2016-02-28 19:02:22.012374"]]
  [1m[36m (2.6ms)[0m  [1mcommit transaction[0m
  [1m[35m (0.1ms)[0m  begin transaction
  [1m[36mSQL (0.4ms)[0m  [1mINSERT INTO "articles" ("title", "body", "created_at", "updated_at") VALUES (?, ?, ?, ?)[0m  [["title", "Meggings normcore vice echo."], ["body", "+1 squid trust fund bicycle rights cred next level. Fanny pack +1 shabby chic put a bird on it loko twee. Scenester forage letterpress next level pabst fingerstache kickstarter sustainable."], ["created_at", "2016-02-28 19:02:22.018155"], ["updated_at", "2016-02-28 19:02:22.018155"]]
  [1m[35m (2.9ms)[0m  commit transaction
  [1m[36m (0.1ms)[0m  [1mbegin transaction[0m
  [1m[35mSQL (0.4ms)[0m  INSERT INTO "articles" ("title", "body", "created_at", "updated_at") VALUES (?, ?, ?, ?)  [["title", "Slow-carb brooklyn pinterest tote bag tofu sustainable."], ["body", "Gentrify gluten-free vinegar wolf goth. Swag echo hoodie austin gastropub post-ironic. Tofu tumblr bitters plaid flexitarian street. Meh kombucha small batch five dollar toast xoxo hella. Keytar cliche locavore microdosing."], ["created_at", "2016-02-28 19:02:22.024405"], ["updated_at", "2016-02-28 19:02:22.024405"]]
  [1m[36m (2.6ms)[0m  [1mcommit transaction[0m
  [1m[35m (0.1ms)[0m  begin transaction
  [1m[36mSQL (0.4ms)[0m  [1mINSERT INTO "articles" ("title", "body", "created_at", "updated_at") VALUES (?, ?, ?, ?)[0m  [["title", "Twee tofu pbr&b kickstarter readymade venmo franzen."], ["body", "Scenester whatever gentrify listicle park celiac normcore. Aesthetic scenester gastropub wolf. Semiotics swag everyday tousled celiac microdosing ugh chillwave. Blog letterpress swag brunch selvage."], ["created_at", "2016-02-28 19:02:22.030087"], ["updated_at", "2016-02-28 19:02:22.030087"]]
  [1m[35m (2.8ms)[0m  commit transaction
  [1m[36m (0.1ms)[0m  [1mbegin transaction[0m
  [1m[35mSQL (0.6ms)[0m  INSERT INTO "articles" ("title", "body", "created_at", "updated_at") VALUES (?, ?, ?, ?)  [["title", "Organic blog forage chartreuse fanny pack mixtape sartorial scenester mumblecore."], ["body", "Asymmetrical pinterest truffaut occupy bushwick. Biodiesel meggings authentic echo. Banh mi synth park chicharrones wayfarers tofu bespoke. Tattooed paleo next level neutra salvia. Pug tattooed street humblebrag venmo heirloom normcore."], ["created_at", "2016-02-28 19:02:22.036133"], ["updated_at", "2016-02-28 19:02:22.036133"]]
  [1m[36m (2.8ms)[0m  [1mcommit transaction[0m
  [1m[35m (0.1ms)[0m  begin transaction
  [1m[36mSQL (0.4ms)[0m  [1mINSERT INTO "articles" ("title", "body", "created_at", "updated_at") VALUES (?, ?, ?, ?)[0m  [["title", "Deep v master messenger bag church-key meditation blog plaid marfa."], ["body", "Locavore art party sriracha marfa poutine. Hoodie polaroid xoxo bespoke godard single-origin coffee. Cornhole diy actually vegan vinyl kinfolk paleo. Swag butcher 3 wolf moon meh. Intelligentsia tousled cleanse blue bottle banh mi bushwick."], ["created_at", "2016-02-28 19:02:22.042361"], ["updated_at", "2016-02-28 19:02:22.042361"]]
  [1m[35m (2.7ms)[0m  commit transaction
  [1m[36mActiveRecord::SchemaMigration Load (2.1ms)[0m  [1mSELECT "schema_migrations".* FROM "schema_migrations"[0m
  [1m[35m (0.1ms)[0m  begin transaction
  [1m[36mSQL (3.8ms)[0m  [1mINSERT INTO "articles" ("title", "body", "created_at", "updated_at") VALUES (?, ?, ?, ?)[0m  [["title", "Article #0"], ["body", "This is a sample article."], ["created_at", "2016-02-28 19:06:17.774222"], ["updated_at", "2016-02-28 19:06:17.774222"]]
  [1m[35m (2.6ms)[0m  commit transaction
  [1m[36m (0.1ms)[0m  [1mbegin transaction[0m
  [1m[35mSQL (0.4ms)[0m  INSERT INTO "articles" ("title", "body", "created_at", "updated_at") VALUES (?, ?, ?, ?)  [["title", "Article #1"], ["body", "This is a sample article."], ["created_at", "2016-02-28 19:06:17.790357"], ["updated_at", "2016-02-28 19:06:17.790357"]]
  [1m[36m (2.9ms)[0m  [1mcommit transaction[0m
  [1m[35m (0.1ms)[0m  begin transaction
  [1m[36mSQL (0.6ms)[0m  [1mINSERT INTO "articles" ("title", "body", "created_at", "updated_at") VALUES (?, ?, ?, ?)[0m  [["title", "Article #2"], ["body", "This is a sample article."], ["created_at", "2016-02-28 19:06:17.796117"], ["updated_at", "2016-02-28 19:06:17.796117"]]
  [1m[35m (2.7ms)[0m  commit transaction
  [1m[36m (0.1ms)[0m  [1mbegin transaction[0m
  [1m[35mSQL (0.4ms)[0m  INSERT INTO "articles" ("title", "body", "created_at", "updated_at") VALUES (?, ?, ?, ?)  [["title", "Article #3"], ["body", "This is a sample article."], ["created_at", "2016-02-28 19:06:17.802879"], ["updated_at", "2016-02-28 19:06:17.802879"]]
  [1m[36m (2.8ms)[0m  [1mcommit transaction[0m
  [1m[35m (0.1ms)[0m  begin transaction
  [1m[36mSQL (0.6ms)[0m  [1mINSERT INTO "articles" ("title", "body", "created_at", "updated_at") VALUES (?, ?, ?, ?)[0m  [["title", "Article #4"], ["body", "This is a sample article."], ["created_at", "2016-02-28 19:06:17.808990"], ["updated_at", "2016-02-28 19:06:17.808990"]]
  [1m[35m (2.9ms)[0m  commit transaction


Started GET "/articles" for ::1 at 2016-02-28 14:11:12 -0500
  [1m[36mActiveRecord::SchemaMigration Load (2.4ms)[0m  [1mSELECT "schema_migrations".* FROM "schema_migrations"[0m
Processing by ArticlesController#index as HTML
  [1m[35mArticle Load (3.3ms)[0m  SELECT "articles".* FROM "articles"
  Rendered articles/index.html.erb within layouts/application (19.4ms)
Completed 200 OK in 449ms (Views: 432.1ms | ActiveRecord: 3.8ms)


Started GET "/articles" for ::1 at 2016-02-28 14:11:30 -0500
Processing by ArticlesController#index as HTML
  [1m[36mArticle Load (0.3ms)[0m  [1mSELECT "articles".* FROM "articles"[0m
  Rendered articles/index.html.erb within layouts/application (1.5ms)
Completed 200 OK in 56ms (Views: 55.4ms | ActiveRecord: 0.3ms)


Started GET "/assets/home.self-e3b0c44298fc1c149afbf4c8996fb92427ae41e4649b934ca495991b7852b855.css?body=1" for ::1 at 2016-02-28 14:11:30 -0500


Started GET "/assets/articles.self-e3b0c44298fc1c149afbf4c8996fb92427ae41e4649b934ca495991b7852b855.css?body=1" for ::1 at 2016-02-28 14:11:30 -0500


Started GET "/assets/jquery_ujs.self-d602bdfe68ffc63b9f9cc512872aa3cfff046228a0a36e90dd476e8ef54c1b09.js?body=1" for ::1 at 2016-02-28 14:11:30 -0500


Started GET "/assets/application.self-e80e8f2318043e8af94dddc2adad5a4f09739a8ebb323b3ab31cd71d45fd9113.css?body=1" for ::1 at 2016-02-28 14:11:30 -0500


Started GET "/assets/jquery.self-c64a74367bda6ef8b860f19e74df08927ca99d2be2ac934e9e92d5fd361e0da4.js?body=1" for ::1 at 2016-02-28 14:11:30 -0500


Started GET "/assets/turbolinks.self-c37727e9bd6b2735da5c311aa83fead54ed0be6cc8bd9a65309e9c5abe2cbfff.js?body=1" for ::1 at 2016-02-28 14:11:30 -0500


Started GET "/assets/articles.self-877aef30ae1b040ab8a3aba4e3e309a11d7f2612f44dde450b5c157aa5f95c05.js?body=1" for ::1 at 2016-02-28 14:11:30 -0500


Started GET "/assets/home.self-877aef30ae1b040ab8a3aba4e3e309a11d7f2612f44dde450b5c157aa5f95c05.js?body=1" for ::1 at 2016-02-28 14:11:30 -0500


Started GET "/assets/application.self-3b8dabdc891efe46b9a144b400ad69e37d7e5876bdc39dee783419a69d7ca819.js?body=1" for ::1 at 2016-02-28 14:11:30 -0500


Started GET "/articles" for ::1 at 2016-02-28 14:11:44 -0500
Processing by ArticlesController#index as HTML
  [1m[35mArticle Load (0.3ms)[0m  SELECT "articles".* FROM "articles"
  Rendered articles/index.html.erb within layouts/application (2.3ms)
Completed 200 OK in 69ms (Views: 68.1ms | ActiveRecord: 0.3ms)


Started GET "/assets/articles.self-e3b0c44298fc1c149afbf4c8996fb92427ae41e4649b934ca495991b7852b855.css?body=1" for ::1 at 2016-02-28 14:11:45 -0500


Started GET "/assets/jquery.self-c64a74367bda6ef8b860f19e74df08927ca99d2be2ac934e9e92d5fd361e0da4.js?body=1" for ::1 at 2016-02-28 14:11:45 -0500


Started GET "/assets/jquery_ujs.self-d602bdfe68ffc63b9f9cc512872aa3cfff046228a0a36e90dd476e8ef54c1b09.js?body=1" for ::1 at 2016-02-28 14:11:45 -0500


Started GET "/assets/application.self-e80e8f2318043e8af94dddc2adad5a4f09739a8ebb323b3ab31cd71d45fd9113.css?body=1" for ::1 at 2016-02-28 14:11:45 -0500


Started GET "/assets/turbolinks.self-c37727e9bd6b2735da5c311aa83fead54ed0be6cc8bd9a65309e9c5abe2cbfff.js?body=1" for ::1 at 2016-02-28 14:11:45 -0500


Started GET "/assets/home.self-e3b0c44298fc1c149afbf4c8996fb92427ae41e4649b934ca495991b7852b855.css?body=1" for ::1 at 2016-02-28 14:11:45 -0500


Started GET "/assets/articles.self-877aef30ae1b040ab8a3aba4e3e309a11d7f2612f44dde450b5c157aa5f95c05.js?body=1" for ::1 at 2016-02-28 14:11:45 -0500


Started GET "/assets/home.self-877aef30ae1b040ab8a3aba4e3e309a11d7f2612f44dde450b5c157aa5f95c05.js?body=1" for ::1 at 2016-02-28 14:11:45 -0500


Started GET "/assets/application.self-3b8dabdc891efe46b9a144b400ad69e37d7e5876bdc39dee783419a69d7ca819.js?body=1" for ::1 at 2016-02-28 14:11:45 -0500


Started GET "/articles" for ::1 at 2016-02-28 14:11:52 -0500
Processing by ArticlesController#index as HTML
  [1m[36mArticle Load (0.3ms)[0m  [1mSELECT "articles".* FROM "articles"[0m
  Rendered articles/index.html.erb within layouts/application (1.4ms)
Completed 200 OK in 29ms (Views: 28.5ms | ActiveRecord: 0.3ms)


Started GET "/assets/articles.self-e3b0c44298fc1c149afbf4c8996fb92427ae41e4649b934ca495991b7852b855.css?body=1" for ::1 at 2016-02-28 14:11:52 -0500


Started GET "/assets/home.self-e3b0c44298fc1c149afbf4c8996fb92427ae41e4649b934ca495991b7852b855.css?body=1" for ::1 at 2016-02-28 14:11:52 -0500


Started GET "/assets/jquery.self-c64a74367bda6ef8b860f19e74df08927ca99d2be2ac934e9e92d5fd361e0da4.js?body=1" for ::1 at 2016-02-28 14:11:52 -0500


Started GET "/assets/turbolinks.self-c37727e9bd6b2735da5c311aa83fead54ed0be6cc8bd9a65309e9c5abe2cbfff.js?body=1" for ::1 at 2016-02-28 14:11:52 -0500


Started GET "/assets/application.self-e80e8f2318043e8af94dddc2adad5a4f09739a8ebb323b3ab31cd71d45fd9113.css?body=1" for ::1 at 2016-02-28 14:11:52 -0500


Started GET "/assets/jquery_ujs.self-d602bdfe68ffc63b9f9cc512872aa3cfff046228a0a36e90dd476e8ef54c1b09.js?body=1" for ::1 at 2016-02-28 14:11:52 -0500


Started GET "/assets/articles.self-877aef30ae1b040ab8a3aba4e3e309a11d7f2612f44dde450b5c157aa5f95c05.js?body=1" for ::1 at 2016-02-28 14:11:52 -0500


Started GET "/assets/home.self-877aef30ae1b040ab8a3aba4e3e309a11d7f2612f44dde450b5c157aa5f95c05.js?body=1" for ::1 at 2016-02-28 14:11:52 -0500


Started GET "/assets/application.self-3b8dabdc891efe46b9a144b400ad69e37d7e5876bdc39dee783419a69d7ca819.js?body=1" for ::1 at 2016-02-28 14:11:52 -0500
  [1m[36m (3.5ms)[0m  [1mCREATE TABLE "schema_migrations" ("version" varchar NOT NULL) [0m
  [1m[35m (0.1ms)[0m  select sqlite_version(*)
  [1m[36m (2.9ms)[0m  [1mCREATE UNIQUE INDEX "unique_schema_migrations" ON "schema_migrations" ("version")[0m
  [1m[35mActiveRecord::SchemaMigration Load (0.1ms)[0m  SELECT "schema_migrations".* FROM "schema_migrations"
  [1m[36mActiveRecord::SchemaMigration Load (2.2ms)[0m  [1mSELECT "schema_migrations".* FROM "schema_migrations"[0m
Migrating to CreateArticles (20160227174045)
  [1m[35m (0.1ms)[0m  begin transaction
  [1m[36m (0.6ms)[0m  [1mCREATE TABLE "articles" ("id" INTEGER PRIMARY KEY AUTOINCREMENT NOT NULL, "title" varchar, "body" text, "created_at" datetime NOT NULL, "updated_at" datetime NOT NULL) [0m
  [1m[35mSQL (0.3ms)[0m  INSERT INTO "schema_migrations" ("version") VALUES (?)  [["version", "20160227174045"]]
  [1m[36m (2.6ms)[0m  [1mcommit transaction[0m
  [1m[35mActiveRecord::SchemaMigration Load (0.2ms)[0m  SELECT "schema_migrations".* FROM "schema_migrations"
  [1m[36mActiveRecord::SchemaMigration Load (0.1ms)[0m  [1mSELECT "schema_migrations".* FROM "schema_migrations"[0m
  [1m[35m (0.1ms)[0m  begin transaction
  [1m[36mSQL (3.1ms)[0m  [1mINSERT INTO "articles" ("title", "body", "created_at", "updated_at") VALUES (?, ?, ?, ?)[0m  [["title", "Example Title"], ["body", "Example Article"], ["created_at", "2016-02-28 19:25:14.731143"], ["updated_at", "2016-02-28 19:25:14.731143"]]
  [1m[35m (3.0ms)[0m  commit transaction
  [1m[36m (0.1ms)[0m  [1mbegin transaction[0m
  [1m[35mSQL (0.5ms)[0m  INSERT INTO "articles" ("title", "body", "created_at", "updated_at") VALUES (?, ?, ?, ?)  [["title", "Tofu put a bird on it green juice street authentic +1 five dollar toast park."], ["body", "Fixie neutra listicle vhs cornhole flexitarian asymmetrical. Vinyl 90's hashtag. Normcore slow-carb direct trade small batch vhs flannel. Forage tote bag heirloom cronut disrupt offal."], ["created_at", "2016-02-28 19:25:15.284068"], ["updated_at", "2016-02-28 19:25:15.284068"]]
  [1m[36m (2.6ms)[0m  [1mcommit transaction[0m
  [1m[35m (0.1ms)[0m  begin transaction
  [1m[36mSQL (0.4ms)[0m  [1mINSERT INTO "articles" ("title", "body", "created_at", "updated_at") VALUES (?, ?, ?, ?)[0m  [["title", "Tote bag +1 typewriter truffaut."], ["body", "Try-hard bitters pug cred pabst. Pork belly iphone poutine. Chicharrones +1 before they sold out williamsburg cold-pressed 3 wolf moon."], ["created_at", "2016-02-28 19:25:15.289643"], ["updated_at", "2016-02-28 19:25:15.289643"]]
  [1m[35m (2.6ms)[0m  commit transaction
  [1m[36m (0.1ms)[0m  [1mbegin transaction[0m
  [1m[35mSQL (0.4ms)[0m  INSERT INTO "articles" ("title", "body", "created_at", "updated_at") VALUES (?, ?, ?, ?)  [["title", "Five dollar toast carry echo fashion axe yolo yr cliche."], ["body", "Mixtape dreamcatcher asymmetrical neutra. Actually mlkshk yr. Tacos skateboard vinegar paleo offal twee actually listicle. Taxidermy hoodie put a bird on it."], ["created_at", "2016-02-28 19:25:15.295232"], ["updated_at", "2016-02-28 19:25:15.295232"]]
  [1m[36m (2.8ms)[0m  [1mcommit transaction[0m
  [1m[35m (0.1ms)[0m  begin transaction
  [1m[36mSQL (0.7ms)[0m  [1mINSERT INTO "articles" ("title", "body", "created_at", "updated_at") VALUES (?, ?, ?, ?)[0m  [["title", "Park ethical swag butcher small batch."], ["body", "Bushwick vice blog health slow-carb vinegar diy. Crucifix organic chia. Yolo before they sold out direct trade."], ["created_at", "2016-02-28 19:25:15.301058"], ["updated_at", "2016-02-28 19:25:15.301058"]]
  [1m[35m (2.8ms)[0m  commit transaction
  [1m[36m (0.1ms)[0m  [1mbegin transaction[0m
  [1m[35mSQL (0.4ms)[0m  INSERT INTO "articles" ("title", "body", "created_at", "updated_at") VALUES (?, ?, ?, ?)  [["title", "Cornhole street intelligentsia next level you probably haven't heard of them."], ["body", "Street try-hard craft beer cray church-key green juice whatever asymmetrical. Pork belly pinterest chambray pitchfork shoreditch fixie keffiyeh. Stumptown single-origin coffee dreamcatcher food truck tattooed post-ironic marfa tousled. Cold-pressed bitters scenester yolo diy fingerstache."], ["created_at", "2016-02-28 19:25:15.307262"], ["updated_at", "2016-02-28 19:25:15.307262"]]
  [1m[36m (2.9ms)[0m  [1mcommit transaction[0m
  [1m[35m (0.1ms)[0m  begin transaction
  [1m[36mSQL (0.4ms)[0m  [1mINSERT INTO "articles" ("title", "body", "created_at", "updated_at") VALUES (?, ?, ?, ?)[0m  [["title", "Williamsburg sriracha park brunch marfa."], ["body", "Sustainable mumblecore beard vinyl helvetica carry kitsch kogi. Pug brooklyn migas tofu. Brooklyn shabby chic waistcoat typewriter bicycle rights yolo listicle pop-up."], ["created_at", "2016-02-28 19:25:15.312708"], ["updated_at", "2016-02-28 19:25:15.312708"]]
  [1m[35m (2.7ms)[0m  commit transaction
  [1m[36m (0.1ms)[0m  [1mbegin transaction[0m
  [1m[35mSQL (0.5ms)[0m  INSERT INTO "articles" ("title", "body", "created_at", "updated_at") VALUES (?, ?, ?, ?)  [["title", "Flannel pug everyday salvia cornhole."], ["body", "Stumptown everyday goth carry kinfolk retro banjo readymade. Hella pinterest poutine +1 literally. Butcher offal vegan master mustache franzen."], ["created_at", "2016-02-28 19:25:15.318195"], ["updated_at", "2016-02-28 19:25:15.318195"]]
  [1m[36m (2.6ms)[0m  [1mcommit transaction[0m
  [1m[35m (0.1ms)[0m  begin transaction
  [1m[36mSQL (0.4ms)[0m  [1mINSERT INTO "articles" ("title", "body", "created_at", "updated_at") VALUES (?, ?, ?, ?)[0m  [["title", "Pug leggings austin vinyl shabby chic cray."], ["body", "Craft beer normcore photo booth ugh portland. Gentrify readymade fashion axe bitters neutra. Twee brunch messenger bag vegan venmo keytar. Slow-carb loko irony kitsch. Keffiyeh retro schlitz."], ["created_at", "2016-02-28 19:25:15.323962"], ["updated_at", "2016-02-28 19:25:15.323962"]]
  [1m[35m (2.9ms)[0m  commit transaction
  [1m[36m (0.1ms)[0m  [1mbegin transaction[0m
  [1m[35mSQL (0.4ms)[0m  INSERT INTO "articles" ("title", "body", "created_at", "updated_at") VALUES (?, ?, ?, ?)  [["title", "Taxidermy trust fund seitan retro pop-up."], ["body", "Iphone schlitz poutine aesthetic butcher hoodie quinoa +1. Tote bag keffiyeh messenger bag post-ironic. Echo brunch aesthetic next level. Cliche neutra ugh quinoa."], ["created_at", "2016-02-28 19:25:15.329538"], ["updated_at", "2016-02-28 19:25:15.329538"]]
  [1m[36m (2.7ms)[0m  [1mcommit transaction[0m
  [1m[35m (0.1ms)[0m  begin transaction
  [1m[36mSQL (0.4ms)[0m  [1mINSERT INTO "articles" ("title", "body", "created_at", "updated_at") VALUES (?, ?, ?, ?)[0m  [["title", "Cray authentic mixtape church-key."], ["body", "Before they sold out selvage sartorial xoxo waistcoat blog. Fashion axe slow-carb intelligentsia butcher wolf vinyl kinfolk organic. Fap cliche art party forage food truck banh mi truffaut synth. Flexitarian 8-bit pabst ethical put a bird on it. Dreamcatcher ugh loko hoodie typewriter flannel celiac."], ["created_at", "2016-02-28 19:25:15.335708"], ["updated_at", "2016-02-28 19:25:15.335708"]]
  [1m[35m (2.6ms)[0m  commit transaction


Started GET "/articles" for ::1 at 2016-02-28 14:25:27 -0500
Processing by ArticlesController#index as HTML
  [1m[35mArticle Load (2.5ms)[0m  SELECT "articles".* FROM "articles"
  Rendered articles/index.html.erb within layouts/application (33.2ms)
Completed 200 OK in 117ms (Views: 106.1ms | ActiveRecord: 3.1ms)


Started GET "/assets/articles.self-e3b0c44298fc1c149afbf4c8996fb92427ae41e4649b934ca495991b7852b855.css?body=1" for ::1 at 2016-02-28 14:25:27 -0500


Started GET "/assets/jquery.self-c64a74367bda6ef8b860f19e74df08927ca99d2be2ac934e9e92d5fd361e0da4.js?body=1" for ::1 at 2016-02-28 14:25:27 -0500


Started GET "/assets/turbolinks.self-c37727e9bd6b2735da5c311aa83fead54ed0be6cc8bd9a65309e9c5abe2cbfff.js?body=1" for ::1 at 2016-02-28 14:25:27 -0500


Started GET "/assets/jquery_ujs.self-d602bdfe68ffc63b9f9cc512872aa3cfff046228a0a36e90dd476e8ef54c1b09.js?body=1" for ::1 at 2016-02-28 14:25:27 -0500


Started GET "/assets/home.self-e3b0c44298fc1c149afbf4c8996fb92427ae41e4649b934ca495991b7852b855.css?body=1" for ::1 at 2016-02-28 14:25:27 -0500


Started GET "/assets/application.self-e80e8f2318043e8af94dddc2adad5a4f09739a8ebb323b3ab31cd71d45fd9113.css?body=1" for ::1 at 2016-02-28 14:25:27 -0500


Started GET "/assets/articles.self-877aef30ae1b040ab8a3aba4e3e309a11d7f2612f44dde450b5c157aa5f95c05.js?body=1" for ::1 at 2016-02-28 14:25:27 -0500


Started GET "/assets/home.self-877aef30ae1b040ab8a3aba4e3e309a11d7f2612f44dde450b5c157aa5f95c05.js?body=1" for ::1 at 2016-02-28 14:25:27 -0500


Started GET "/assets/application.self-3b8dabdc891efe46b9a144b400ad69e37d7e5876bdc39dee783419a69d7ca819.js?body=1" for ::1 at 2016-02-28 14:25:27 -0500


Started GET "/articles" for ::1 at 2016-02-28 14:26:27 -0500
Processing by ArticlesController#index as HTML
  [1m[36mArticle Load (0.3ms)[0m  [1mSELECT "articles".* FROM "articles"[0m
  Rendered articles/index.html.erb within layouts/application (2.3ms)
Completed 200 OK in 66ms (Views: 65.3ms | ActiveRecord: 0.3ms)


Started GET "/assets/jquery.self-c64a74367bda6ef8b860f19e74df08927ca99d2be2ac934e9e92d5fd361e0da4.js?body=1" for ::1 at 2016-02-28 14:26:27 -0500


Started GET "/assets/application.self-e80e8f2318043e8af94dddc2adad5a4f09739a8ebb323b3ab31cd71d45fd9113.css?body=1" for ::1 at 2016-02-28 14:26:27 -0500


Started GET "/assets/home.self-e3b0c44298fc1c149afbf4c8996fb92427ae41e4649b934ca495991b7852b855.css?body=1" for ::1 at 2016-02-28 14:26:27 -0500


Started GET "/assets/articles.self-e3b0c44298fc1c149afbf4c8996fb92427ae41e4649b934ca495991b7852b855.css?body=1" for ::1 at 2016-02-28 14:26:27 -0500


Started GET "/assets/turbolinks.self-c37727e9bd6b2735da5c311aa83fead54ed0be6cc8bd9a65309e9c5abe2cbfff.js?body=1" for ::1 at 2016-02-28 14:26:27 -0500


Started GET "/assets/jquery_ujs.self-d602bdfe68ffc63b9f9cc512872aa3cfff046228a0a36e90dd476e8ef54c1b09.js?body=1" for ::1 at 2016-02-28 14:26:27 -0500


Started GET "/assets/articles.self-877aef30ae1b040ab8a3aba4e3e309a11d7f2612f44dde450b5c157aa5f95c05.js?body=1" for ::1 at 2016-02-28 14:26:27 -0500


Started GET "/assets/application.self-3b8dabdc891efe46b9a144b400ad69e37d7e5876bdc39dee783419a69d7ca819.js?body=1" for ::1 at 2016-02-28 14:26:27 -0500


Started GET "/assets/home.self-877aef30ae1b040ab8a3aba4e3e309a11d7f2612f44dde450b5c157aa5f95c05.js?body=1" for ::1 at 2016-02-28 14:26:27 -0500


Started GET "/articles" for ::1 at 2016-02-28 14:33:07 -0500
Processing by ArticlesController#index as HTML
  [1m[35mArticle Load (1.2ms)[0m  SELECT "articles".* FROM "articles"
  Rendered articles/index.html.erb within layouts/application (16.4ms)
Completed 200 OK in 100ms (Views: 91.0ms | ActiveRecord: 1.6ms)


Started GET "/assets/articles.self-e3b0c44298fc1c149afbf4c8996fb92427ae41e4649b934ca495991b7852b855.css?body=1" for ::1 at 2016-02-28 14:33:08 -0500


Started GET "/assets/home.self-e3b0c44298fc1c149afbf4c8996fb92427ae41e4649b934ca495991b7852b855.css?body=1" for ::1 at 2016-02-28 14:33:08 -0500


Started GET "/assets/jquery_ujs.self-d602bdfe68ffc63b9f9cc512872aa3cfff046228a0a36e90dd476e8ef54c1b09.js?body=1" for ::1 at 2016-02-28 14:33:08 -0500


Started GET "/assets/turbolinks.self-c37727e9bd6b2735da5c311aa83fead54ed0be6cc8bd9a65309e9c5abe2cbfff.js?body=1" for ::1 at 2016-02-28 14:33:08 -0500


Started GET "/assets/application.self-e80e8f2318043e8af94dddc2adad5a4f09739a8ebb323b3ab31cd71d45fd9113.css?body=1" for ::1 at 2016-02-28 14:33:08 -0500


Started GET "/assets/jquery.self-c64a74367bda6ef8b860f19e74df08927ca99d2be2ac934e9e92d5fd361e0da4.js?body=1" for ::1 at 2016-02-28 14:33:08 -0500


Started GET "/assets/articles.self-877aef30ae1b040ab8a3aba4e3e309a11d7f2612f44dde450b5c157aa5f95c05.js?body=1" for ::1 at 2016-02-28 14:33:08 -0500


Started GET "/assets/home.self-877aef30ae1b040ab8a3aba4e3e309a11d7f2612f44dde450b5c157aa5f95c05.js?body=1" for ::1 at 2016-02-28 14:33:08 -0500


Started GET "/assets/application.self-3b8dabdc891efe46b9a144b400ad69e37d7e5876bdc39dee783419a69d7ca819.js?body=1" for ::1 at 2016-02-28 14:33:08 -0500


Started GET "/articles/1" for ::1 at 2016-02-28 14:33:14 -0500
Processing by ArticlesController#show as HTML
  Parameters: {"id"=>"1"}
Completed 404 Not Found in 2ms (ActiveRecord: 0.0ms)

ActiveRecord::RecordNotFound (Couldn't find Article without an ID):
  app/controllers/articles_controller.rb:7:in `show'


  Rendered /Users/danielweiner/.rvm/gems/ruby-2.2.1/gems/actionpack-4.2.1/lib/action_dispatch/middleware/templates/rescues/_source.erb (10.2ms)
  Rendered /Users/danielweiner/.rvm/gems/ruby-2.2.1/gems/actionpack-4.2.1/lib/action_dispatch/middleware/templates/rescues/_trace.html.erb (28.1ms)
  Rendered /Users/danielweiner/.rvm/gems/ruby-2.2.1/gems/actionpack-4.2.1/lib/action_dispatch/middleware/templates/rescues/_request_and_response.html.erb (1.4ms)
  Rendered /Users/danielweiner/.rvm/gems/ruby-2.2.1/gems/actionpack-4.2.1/lib/action_dispatch/middleware/templates/rescues/diagnostics.html.erb within rescues/layout (103.3ms)
  Rendered /Users/danielweiner/.rvm/gems/ruby-2.2.1/gems/web-console-2.3.0/lib/web_console/templates/_markup.html.erb (1.2ms)
  Rendered /Users/danielweiner/.rvm/gems/ruby-2.2.1/gems/web-console-2.3.0/lib/web_console/templates/_inner_console_markup.html.erb within layouts/inlined_string (0.5ms)
  Rendered /Users/danielweiner/.rvm/gems/ruby-2.2.1/gems/web-console-2.3.0/lib/web_console/templates/_prompt_box_markup.html.erb within layouts/inlined_string (0.3ms)
  Rendered /Users/danielweiner/.rvm/gems/ruby-2.2.1/gems/web-console-2.3.0/lib/web_console/templates/style.css.erb within layouts/inlined_string (0.7ms)
  Rendered /Users/danielweiner/.rvm/gems/ruby-2.2.1/gems/web-console-2.3.0/lib/web_console/templates/console.js.erb within layouts/javascript (591.5ms)
  Rendered /Users/danielweiner/.rvm/gems/ruby-2.2.1/gems/web-console-2.3.0/lib/web_console/templates/main.js.erb within layouts/javascript (0.3ms)
  Rendered /Users/danielweiner/.rvm/gems/ruby-2.2.1/gems/web-console-2.3.0/lib/web_console/templates/error_page.js.erb within layouts/javascript (0.6ms)
  Rendered /Users/danielweiner/.rvm/gems/ruby-2.2.1/gems/web-console-2.3.0/lib/web_console/templates/index.html.erb (692.8ms)


Started GET "/articles" for ::1 at 2016-02-28 14:33:57 -0500
  [1m[36mActiveRecord::SchemaMigration Load (0.2ms)[0m  [1mSELECT "schema_migrations".* FROM "schema_migrations"[0m
Processing by ArticlesController#index as HTML
  [1m[35mArticle Load (0.2ms)[0m  SELECT "articles".* FROM "articles"
  Rendered articles/index.html.erb within layouts/application (9.7ms)
Completed 200 OK in 427ms (Views: 409.9ms | ActiveRecord: 0.9ms)


Started GET "/articles/1" for ::1 at 2016-02-28 14:34:04 -0500
Processing by ArticlesController#show as HTML
  Parameters: {"id"=>"1"}
Completed 404 Not Found in 1ms (ActiveRecord: 0.0ms)

ActiveRecord::RecordNotFound (Couldn't find Article without an ID):
  app/controllers/articles_controller.rb:7:in `show'


  Rendered /Users/danielweiner/.rvm/gems/ruby-2.2.1/gems/actionpack-4.2.1/lib/action_dispatch/middleware/templates/rescues/_source.erb (6.8ms)
  Rendered /Users/danielweiner/.rvm/gems/ruby-2.2.1/gems/actionpack-4.2.1/lib/action_dispatch/middleware/templates/rescues/_trace.html.erb (3.5ms)
  Rendered /Users/danielweiner/.rvm/gems/ruby-2.2.1/gems/actionpack-4.2.1/lib/action_dispatch/middleware/templates/rescues/_request_and_response.html.erb (1.3ms)
  Rendered /Users/danielweiner/.rvm/gems/ruby-2.2.1/gems/actionpack-4.2.1/lib/action_dispatch/middleware/templates/rescues/diagnostics.html.erb within rescues/layout (71.4ms)
  Rendered /Users/danielweiner/.rvm/gems/ruby-2.2.1/gems/web-console-2.3.0/lib/web_console/templates/_markup.html.erb (0.7ms)
  Rendered /Users/danielweiner/.rvm/gems/ruby-2.2.1/gems/web-console-2.3.0/lib/web_console/templates/_inner_console_markup.html.erb within layouts/inlined_string (0.6ms)
  Rendered /Users/danielweiner/.rvm/gems/ruby-2.2.1/gems/web-console-2.3.0/lib/web_console/templates/_prompt_box_markup.html.erb within layouts/inlined_string (0.4ms)
  Rendered /Users/danielweiner/.rvm/gems/ruby-2.2.1/gems/web-console-2.3.0/lib/web_console/templates/style.css.erb within layouts/inlined_string (0.4ms)
  Rendered /Users/danielweiner/.rvm/gems/ruby-2.2.1/gems/web-console-2.3.0/lib/web_console/templates/console.js.erb within layouts/javascript (633.4ms)
  Rendered /Users/danielweiner/.rvm/gems/ruby-2.2.1/gems/web-console-2.3.0/lib/web_console/templates/main.js.erb within layouts/javascript (0.4ms)
  Rendered /Users/danielweiner/.rvm/gems/ruby-2.2.1/gems/web-console-2.3.0/lib/web_console/templates/error_page.js.erb within layouts/javascript (0.7ms)
  Rendered /Users/danielweiner/.rvm/gems/ruby-2.2.1/gems/web-console-2.3.0/lib/web_console/templates/index.html.erb (733.6ms)


Started GET "/articles" for ::1 at 2016-02-28 14:34:17 -0500
Processing by ArticlesController#index as HTML
  [1m[36mArticle Load (0.2ms)[0m  [1mSELECT "articles".* FROM "articles"[0m
  Rendered articles/index.html.erb within layouts/application (1.0ms)
Completed 200 OK in 61ms (Views: 59.9ms | ActiveRecord: 0.2ms)
  [1m[36mArticle Load (6.4ms)[0m  [1mSELECT "articles".* FROM "articles"[0m


Started GET "/1" for ::1 at 2016-02-28 14:36:38 -0500

ActionController::RoutingError (No route matches [GET] "/1"):
  actionpack (4.2.1) lib/action_dispatch/middleware/debug_exceptions.rb:21:in `call'
  web-console (2.3.0) lib/web_console/middleware.rb:28:in `block in call'
  web-console (2.3.0) lib/web_console/middleware.rb:18:in `catch'
  web-console (2.3.0) lib/web_console/middleware.rb:18:in `call'
  actionpack (4.2.1) lib/action_dispatch/middleware/show_exceptions.rb:30:in `call'
  railties (4.2.1) lib/rails/rack/logger.rb:38:in `call_app'
  railties (4.2.1) lib/rails/rack/logger.rb:20:in `block in call'
  activesupport (4.2.1) lib/active_support/tagged_logging.rb:68:in `block in tagged'
  activesupport (4.2.1) lib/active_support/tagged_logging.rb:26:in `tagged'
  activesupport (4.2.1) lib/active_support/tagged_logging.rb:68:in `tagged'
  railties (4.2.1) lib/rails/rack/logger.rb:20:in `call'
  actionpack (4.2.1) lib/action_dispatch/middleware/request_id.rb:21:in `call'
  rack (1.6.4) lib/rack/methodoverride.rb:22:in `call'
  rack (1.6.4) lib/rack/runtime.rb:18:in `call'
  activesupport (4.2.1) lib/active_support/cache/strategy/local_cache_middleware.rb:28:in `call'
  rack (1.6.4) lib/rack/lock.rb:17:in `call'
  actionpack (4.2.1) lib/action_dispatch/middleware/static.rb:113:in `call'
  rack (1.6.4) lib/rack/sendfile.rb:113:in `call'
  railties (4.2.1) lib/rails/engine.rb:518:in `call'
  railties (4.2.1) lib/rails/application.rb:164:in `call'
  rack (1.6.4) lib/rack/lock.rb:17:in `call'
  rack (1.6.4) lib/rack/content_length.rb:15:in `call'
  rack (1.6.4) lib/rack/handler/webrick.rb:88:in `service'
  /Users/danielweiner/.rvm/rubies/ruby-2.2.1/lib/ruby/2.2.0/webrick/httpserver.rb:138:in `service'
  /Users/danielweiner/.rvm/rubies/ruby-2.2.1/lib/ruby/2.2.0/webrick/httpserver.rb:94:in `run'
  /Users/danielweiner/.rvm/rubies/ruby-2.2.1/lib/ruby/2.2.0/webrick/server.rb:294:in `block in start_thread'


  Rendered /Users/danielweiner/.rvm/gems/ruby-2.2.1/gems/actionpack-4.2.1/lib/action_dispatch/middleware/templates/rescues/_trace.html.erb (2.3ms)
  Rendered /Users/danielweiner/.rvm/gems/ruby-2.2.1/gems/actionpack-4.2.1/lib/action_dispatch/middleware/templates/routes/_route.html.erb (2.6ms)
  Rendered /Users/danielweiner/.rvm/gems/ruby-2.2.1/gems/actionpack-4.2.1/lib/action_dispatch/middleware/templates/routes/_table.html.erb (27.0ms)
  Rendered /Users/danielweiner/.rvm/gems/ruby-2.2.1/gems/actionpack-4.2.1/lib/action_dispatch/middleware/templates/rescues/_request_and_response.html.erb (2.1ms)
  Rendered /Users/danielweiner/.rvm/gems/ruby-2.2.1/gems/actionpack-4.2.1/lib/action_dispatch/middleware/templates/rescues/routing_error.html.erb within rescues/layout (132.0ms)
  Rendered /Users/danielweiner/.rvm/gems/ruby-2.2.1/gems/web-console-2.3.0/lib/web_console/templates/_markup.html.erb (0.5ms)
  Rendered /Users/danielweiner/.rvm/gems/ruby-2.2.1/gems/web-console-2.3.0/lib/web_console/templates/_inner_console_markup.html.erb within layouts/inlined_string (0.5ms)
  Rendered /Users/danielweiner/.rvm/gems/ruby-2.2.1/gems/web-console-2.3.0/lib/web_console/templates/_prompt_box_markup.html.erb within layouts/inlined_string (0.4ms)
  Rendered /Users/danielweiner/.rvm/gems/ruby-2.2.1/gems/web-console-2.3.0/lib/web_console/templates/style.css.erb within layouts/inlined_string (0.6ms)
  Rendered /Users/danielweiner/.rvm/gems/ruby-2.2.1/gems/web-console-2.3.0/lib/web_console/templates/console.js.erb within layouts/javascript (73.1ms)
  Rendered /Users/danielweiner/.rvm/gems/ruby-2.2.1/gems/web-console-2.3.0/lib/web_console/templates/main.js.erb within layouts/javascript (0.5ms)
  Rendered /Users/danielweiner/.rvm/gems/ruby-2.2.1/gems/web-console-2.3.0/lib/web_console/templates/error_page.js.erb within layouts/javascript (0.4ms)
  Rendered /Users/danielweiner/.rvm/gems/ruby-2.2.1/gems/web-console-2.3.0/lib/web_console/templates/index.html.erb (159.6ms)


Started GET "/articles" for ::1 at 2016-02-28 14:37:21 -0500
Processing by ArticlesController#index as HTML
  [1m[35mArticle Load (0.2ms)[0m  SELECT "articles".* FROM "articles"
  Rendered articles/index.html.erb within layouts/application (1.3ms)
Completed 200 OK in 65ms (Views: 63.8ms | ActiveRecord: 0.2ms)


Started GET "/articles/1" for ::1 at 2016-02-28 14:37:26 -0500
Processing by ArticlesController#show as HTML
  Parameters: {"id"=>"1"}
Completed 404 Not Found in 1ms (ActiveRecord: 0.0ms)

ActiveRecord::RecordNotFound (Couldn't find Article without an ID):
  app/controllers/articles_controller.rb:7:in `show'


  Rendered /Users/danielweiner/.rvm/gems/ruby-2.2.1/gems/actionpack-4.2.1/lib/action_dispatch/middleware/templates/rescues/_source.erb (9.4ms)
  Rendered /Users/danielweiner/.rvm/gems/ruby-2.2.1/gems/actionpack-4.2.1/lib/action_dispatch/middleware/templates/rescues/_trace.html.erb (2.7ms)
  Rendered /Users/danielweiner/.rvm/gems/ruby-2.2.1/gems/actionpack-4.2.1/lib/action_dispatch/middleware/templates/rescues/_request_and_response.html.erb (1.7ms)
  Rendered /Users/danielweiner/.rvm/gems/ruby-2.2.1/gems/actionpack-4.2.1/lib/action_dispatch/middleware/templates/rescues/diagnostics.html.erb within rescues/layout (78.5ms)
  Rendered /Users/danielweiner/.rvm/gems/ruby-2.2.1/gems/web-console-2.3.0/lib/web_console/templates/_markup.html.erb (0.5ms)
  Rendered /Users/danielweiner/.rvm/gems/ruby-2.2.1/gems/web-console-2.3.0/lib/web_console/templates/_inner_console_markup.html.erb within layouts/inlined_string (0.4ms)
  Rendered /Users/danielweiner/.rvm/gems/ruby-2.2.1/gems/web-console-2.3.0/lib/web_console/templates/_prompt_box_markup.html.erb within layouts/inlined_string (0.4ms)
  Rendered /Users/danielweiner/.rvm/gems/ruby-2.2.1/gems/web-console-2.3.0/lib/web_console/templates/style.css.erb within layouts/inlined_string (0.4ms)
  Rendered /Users/danielweiner/.rvm/gems/ruby-2.2.1/gems/web-console-2.3.0/lib/web_console/templates/console.js.erb within layouts/javascript (64.1ms)
  Rendered /Users/danielweiner/.rvm/gems/ruby-2.2.1/gems/web-console-2.3.0/lib/web_console/templates/main.js.erb within layouts/javascript (0.3ms)
  Rendered /Users/danielweiner/.rvm/gems/ruby-2.2.1/gems/web-console-2.3.0/lib/web_console/templates/error_page.js.erb within layouts/javascript (0.5ms)
  Rendered /Users/danielweiner/.rvm/gems/ruby-2.2.1/gems/web-console-2.3.0/lib/web_console/templates/index.html.erb (141.6ms)


Started GET "/articles/1" for ::1 at 2016-02-28 14:44:43 -0500
Processing by ArticlesController#show as HTML
  Parameters: {"id"=>"1"}
Completed 404 Not Found in 2ms (ActiveRecord: 0.0ms)

ActiveRecord::RecordNotFound (Couldn't find Article without an ID):
  app/controllers/articles_controller.rb:7:in `show'


  Rendered /Users/danielweiner/.rvm/gems/ruby-2.2.1/gems/actionpack-4.2.1/lib/action_dispatch/middleware/templates/rescues/_source.erb (5.4ms)
  Rendered /Users/danielweiner/.rvm/gems/ruby-2.2.1/gems/actionpack-4.2.1/lib/action_dispatch/middleware/templates/rescues/_trace.html.erb (3.6ms)
  Rendered /Users/danielweiner/.rvm/gems/ruby-2.2.1/gems/actionpack-4.2.1/lib/action_dispatch/middleware/templates/rescues/_request_and_response.html.erb (1.3ms)
  Rendered /Users/danielweiner/.rvm/gems/ruby-2.2.1/gems/actionpack-4.2.1/lib/action_dispatch/middleware/templates/rescues/diagnostics.html.erb within rescues/layout (74.1ms)
  Rendered /Users/danielweiner/.rvm/gems/ruby-2.2.1/gems/web-console-2.3.0/lib/web_console/templates/_markup.html.erb (0.6ms)
  Rendered /Users/danielweiner/.rvm/gems/ruby-2.2.1/gems/web-console-2.3.0/lib/web_console/templates/_inner_console_markup.html.erb within layouts/inlined_string (0.5ms)
  Rendered /Users/danielweiner/.rvm/gems/ruby-2.2.1/gems/web-console-2.3.0/lib/web_console/templates/_prompt_box_markup.html.erb within layouts/inlined_string (0.5ms)
  Rendered /Users/danielweiner/.rvm/gems/ruby-2.2.1/gems/web-console-2.3.0/lib/web_console/templates/style.css.erb within layouts/inlined_string (0.4ms)
  Rendered /Users/danielweiner/.rvm/gems/ruby-2.2.1/gems/web-console-2.3.0/lib/web_console/templates/console.js.erb within layouts/javascript (62.3ms)
  Rendered /Users/danielweiner/.rvm/gems/ruby-2.2.1/gems/web-console-2.3.0/lib/web_console/templates/main.js.erb within layouts/javascript (0.5ms)
  Rendered /Users/danielweiner/.rvm/gems/ruby-2.2.1/gems/web-console-2.3.0/lib/web_console/templates/error_page.js.erb within layouts/javascript (0.7ms)
  Rendered /Users/danielweiner/.rvm/gems/ruby-2.2.1/gems/web-console-2.3.0/lib/web_console/templates/index.html.erb (137.3ms)


Started GET "/articles" for ::1 at 2016-02-28 14:45:04 -0500
Processing by ArticlesController#index as HTML
  [1m[36mArticle Load (0.7ms)[0m  [1mSELECT "articles".* FROM "articles"[0m
  Rendered articles/index.html.erb within layouts/application (5.1ms)
Completed 200 OK in 84ms (Views: 81.8ms | ActiveRecord: 0.7ms)


Started GET "/articles/1" for ::1 at 2016-02-28 14:45:30 -0500
Processing by ArticlesController#show as HTML
  Parameters: {"id"=>"1"}
Completed 404 Not Found in 2ms (ActiveRecord: 0.0ms)

ActiveRecord::RecordNotFound (Couldn't find Article without an ID):
  app/controllers/articles_controller.rb:7:in `show'


  Rendered /Users/danielweiner/.rvm/gems/ruby-2.2.1/gems/actionpack-4.2.1/lib/action_dispatch/middleware/templates/rescues/_source.erb (5.4ms)
  Rendered /Users/danielweiner/.rvm/gems/ruby-2.2.1/gems/actionpack-4.2.1/lib/action_dispatch/middleware/templates/rescues/_trace.html.erb (2.8ms)
  Rendered /Users/danielweiner/.rvm/gems/ruby-2.2.1/gems/actionpack-4.2.1/lib/action_dispatch/middleware/templates/rescues/_request_and_response.html.erb (1.3ms)
  Rendered /Users/danielweiner/.rvm/gems/ruby-2.2.1/gems/actionpack-4.2.1/lib/action_dispatch/middleware/templates/rescues/diagnostics.html.erb within rescues/layout (62.6ms)
  Rendered /Users/danielweiner/.rvm/gems/ruby-2.2.1/gems/web-console-2.3.0/lib/web_console/templates/_markup.html.erb (0.7ms)
  Rendered /Users/danielweiner/.rvm/gems/ruby-2.2.1/gems/web-console-2.3.0/lib/web_console/templates/_inner_console_markup.html.erb within layouts/inlined_string (0.7ms)
  Rendered /Users/danielweiner/.rvm/gems/ruby-2.2.1/gems/web-console-2.3.0/lib/web_console/templates/_prompt_box_markup.html.erb within layouts/inlined_string (0.4ms)
  Rendered /Users/danielweiner/.rvm/gems/ruby-2.2.1/gems/web-console-2.3.0/lib/web_console/templates/style.css.erb within layouts/inlined_string (0.5ms)
  Rendered /Users/danielweiner/.rvm/gems/ruby-2.2.1/gems/web-console-2.3.0/lib/web_console/templates/console.js.erb within layouts/javascript (64.8ms)
  Rendered /Users/danielweiner/.rvm/gems/ruby-2.2.1/gems/web-console-2.3.0/lib/web_console/templates/main.js.erb within layouts/javascript (0.6ms)
  Rendered /Users/danielweiner/.rvm/gems/ruby-2.2.1/gems/web-console-2.3.0/lib/web_console/templates/error_page.js.erb within layouts/javascript (0.8ms)
  Rendered /Users/danielweiner/.rvm/gems/ruby-2.2.1/gems/web-console-2.3.0/lib/web_console/templates/index.html.erb (147.2ms)


Started GET "/articles/1" for ::1 at 2016-02-28 14:45:31 -0500
Processing by ArticlesController#show as HTML
  Parameters: {"id"=>"1"}
Completed 404 Not Found in 1ms (ActiveRecord: 0.0ms)

ActiveRecord::RecordNotFound (Couldn't find Article without an ID):
  app/controllers/articles_controller.rb:7:in `show'


  Rendered /Users/danielweiner/.rvm/gems/ruby-2.2.1/gems/actionpack-4.2.1/lib/action_dispatch/middleware/templates/rescues/_source.erb (5.3ms)
  Rendered /Users/danielweiner/.rvm/gems/ruby-2.2.1/gems/actionpack-4.2.1/lib/action_dispatch/middleware/templates/rescues/_trace.html.erb (3.0ms)
  Rendered /Users/danielweiner/.rvm/gems/ruby-2.2.1/gems/actionpack-4.2.1/lib/action_dispatch/middleware/templates/rescues/_request_and_response.html.erb (1.1ms)
  Rendered /Users/danielweiner/.rvm/gems/ruby-2.2.1/gems/actionpack-4.2.1/lib/action_dispatch/middleware/templates/rescues/diagnostics.html.erb within rescues/layout (60.8ms)
  Rendered /Users/danielweiner/.rvm/gems/ruby-2.2.1/gems/web-console-2.3.0/lib/web_console/templates/_markup.html.erb (0.4ms)
  Rendered /Users/danielweiner/.rvm/gems/ruby-2.2.1/gems/web-console-2.3.0/lib/web_console/templates/_inner_console_markup.html.erb within layouts/inlined_string (0.4ms)
  Rendered /Users/danielweiner/.rvm/gems/ruby-2.2.1/gems/web-console-2.3.0/lib/web_console/templates/_prompt_box_markup.html.erb within layouts/inlined_string (0.3ms)
  Rendered /Users/danielweiner/.rvm/gems/ruby-2.2.1/gems/web-console-2.3.0/lib/web_console/templates/style.css.erb within layouts/inlined_string (0.4ms)
  Rendered /Users/danielweiner/.rvm/gems/ruby-2.2.1/gems/web-console-2.3.0/lib/web_console/templates/console.js.erb within layouts/javascript (50.3ms)
  Rendered /Users/danielweiner/.rvm/gems/ruby-2.2.1/gems/web-console-2.3.0/lib/web_console/templates/main.js.erb within layouts/javascript (0.3ms)
  Rendered /Users/danielweiner/.rvm/gems/ruby-2.2.1/gems/web-console-2.3.0/lib/web_console/templates/error_page.js.erb within layouts/javascript (0.5ms)
  Rendered /Users/danielweiner/.rvm/gems/ruby-2.2.1/gems/web-console-2.3.0/lib/web_console/templates/index.html.erb (109.4ms)


Started GET "/articles/1" for ::1 at 2016-02-28 14:47:22 -0500
Processing by ArticlesController#show as HTML
  Parameters: {"id"=>"1"}
  [1m[35mArticle Load (0.3ms)[0m  SELECT  "articles".* FROM "articles" WHERE "articles"."id" = ? LIMIT 1  [["id", 1]]
  Rendered articles/show.html.erb within layouts/application (0.7ms)
Completed 200 OK in 175ms (Views: 114.0ms | ActiveRecord: 1.2ms)


Started GET "/assets/articles.self-e3b0c44298fc1c149afbf4c8996fb92427ae41e4649b934ca495991b7852b855.css?body=1" for ::1 at 2016-02-28 14:47:23 -0500


Started GET "/assets/application.self-e80e8f2318043e8af94dddc2adad5a4f09739a8ebb323b3ab31cd71d45fd9113.css?body=1" for ::1 at 2016-02-28 14:47:23 -0500


Started GET "/assets/jquery.self-c64a74367bda6ef8b860f19e74df08927ca99d2be2ac934e9e92d5fd361e0da4.js?body=1" for ::1 at 2016-02-28 14:47:23 -0500


Started GET "/assets/home.self-e3b0c44298fc1c149afbf4c8996fb92427ae41e4649b934ca495991b7852b855.css?body=1" for ::1 at 2016-02-28 14:47:23 -0500


Started GET "/assets/articles.self-877aef30ae1b040ab8a3aba4e3e309a11d7f2612f44dde450b5c157aa5f95c05.js?body=1" for ::1 at 2016-02-28 14:47:23 -0500


Started GET "/assets/turbolinks.self-c37727e9bd6b2735da5c311aa83fead54ed0be6cc8bd9a65309e9c5abe2cbfff.js?body=1" for ::1 at 2016-02-28 14:47:23 -0500


Started GET "/assets/jquery_ujs.self-d602bdfe68ffc63b9f9cc512872aa3cfff046228a0a36e90dd476e8ef54c1b09.js?body=1" for ::1 at 2016-02-28 14:47:23 -0500


Started GET "/assets/home.self-877aef30ae1b040ab8a3aba4e3e309a11d7f2612f44dde450b5c157aa5f95c05.js?body=1" for ::1 at 2016-02-28 14:47:23 -0500


Started GET "/assets/application.self-3b8dabdc891efe46b9a144b400ad69e37d7e5876bdc39dee783419a69d7ca819.js?body=1" for ::1 at 2016-02-28 14:47:23 -0500


Started GET "/articles/1" for ::1 at 2016-02-28 14:47:48 -0500
Processing by ArticlesController#show as HTML
  Parameters: {"id"=>"1"}
  [1m[36mArticle Load (0.2ms)[0m  [1mSELECT  "articles".* FROM "articles" WHERE "articles"."id" = ? LIMIT 1[0m  [["id", 1]]
  Rendered articles/show.html.erb within layouts/application (1.1ms)
Completed 200 OK in 73ms (Views: 69.4ms | ActiveRecord: 0.2ms)


Started GET "/assets/articles.self-e3b0c44298fc1c149afbf4c8996fb92427ae41e4649b934ca495991b7852b855.css?body=1" for ::1 at 2016-02-28 14:47:48 -0500


Started GET "/assets/jquery.self-c64a74367bda6ef8b860f19e74df08927ca99d2be2ac934e9e92d5fd361e0da4.js?body=1" for ::1 at 2016-02-28 14:47:48 -0500


Started GET "/assets/home.self-e3b0c44298fc1c149afbf4c8996fb92427ae41e4649b934ca495991b7852b855.css?body=1" for ::1 at 2016-02-28 14:47:48 -0500


Started GET "/assets/turbolinks.self-c37727e9bd6b2735da5c311aa83fead54ed0be6cc8bd9a65309e9c5abe2cbfff.js?body=1" for ::1 at 2016-02-28 14:47:48 -0500


Started GET "/assets/jquery_ujs.self-d602bdfe68ffc63b9f9cc512872aa3cfff046228a0a36e90dd476e8ef54c1b09.js?body=1" for ::1 at 2016-02-28 14:47:48 -0500


Started GET "/assets/application.self-e80e8f2318043e8af94dddc2adad5a4f09739a8ebb323b3ab31cd71d45fd9113.css?body=1" for ::1 at 2016-02-28 14:47:48 -0500


Started GET "/assets/articles.self-877aef30ae1b040ab8a3aba4e3e309a11d7f2612f44dde450b5c157aa5f95c05.js?body=1" for ::1 at 2016-02-28 14:47:48 -0500


Started GET "/assets/home.self-877aef30ae1b040ab8a3aba4e3e309a11d7f2612f44dde450b5c157aa5f95c05.js?body=1" for ::1 at 2016-02-28 14:47:48 -0500


Started GET "/assets/application.self-3b8dabdc891efe46b9a144b400ad69e37d7e5876bdc39dee783419a69d7ca819.js?body=1" for ::1 at 2016-02-28 14:47:48 -0500


Started GET "/articles/1" for ::1 at 2016-02-28 14:47:56 -0500
Processing by ArticlesController#show as HTML
  Parameters: {"id"=>"1"}
  [1m[35mArticle Load (0.1ms)[0m  SELECT  "articles".* FROM "articles" WHERE "articles"."id" = ? LIMIT 1  [["id", 1]]
  Rendered articles/show.html.erb within layouts/application (0.3ms)
Completed 200 OK in 37ms (Views: 35.5ms | ActiveRecord: 0.1ms)


Started GET "/assets/articles.self-e3b0c44298fc1c149afbf4c8996fb92427ae41e4649b934ca495991b7852b855.css?body=1" for ::1 at 2016-02-28 14:47:56 -0500


Started GET "/assets/application.self-e80e8f2318043e8af94dddc2adad5a4f09739a8ebb323b3ab31cd71d45fd9113.css?body=1" for ::1 at 2016-02-28 14:47:56 -0500


Started GET "/assets/home.self-e3b0c44298fc1c149afbf4c8996fb92427ae41e4649b934ca495991b7852b855.css?body=1" for ::1 at 2016-02-28 14:47:56 -0500


Started GET "/assets/jquery.self-c64a74367bda6ef8b860f19e74df08927ca99d2be2ac934e9e92d5fd361e0da4.js?body=1" for ::1 at 2016-02-28 14:47:56 -0500


Started GET "/assets/jquery_ujs.self-d602bdfe68ffc63b9f9cc512872aa3cfff046228a0a36e90dd476e8ef54c1b09.js?body=1" for ::1 at 2016-02-28 14:47:56 -0500


Started GET "/assets/turbolinks.self-c37727e9bd6b2735da5c311aa83fead54ed0be6cc8bd9a65309e9c5abe2cbfff.js?body=1" for ::1 at 2016-02-28 14:47:56 -0500


Started GET "/assets/articles.self-877aef30ae1b040ab8a3aba4e3e309a11d7f2612f44dde450b5c157aa5f95c05.js?body=1" for ::1 at 2016-02-28 14:47:56 -0500


Started GET "/assets/home.self-877aef30ae1b040ab8a3aba4e3e309a11d7f2612f44dde450b5c157aa5f95c05.js?body=1" for ::1 at 2016-02-28 14:47:56 -0500


Started GET "/assets/application.self-3b8dabdc891efe46b9a144b400ad69e37d7e5876bdc39dee783419a69d7ca819.js?body=1" for ::1 at 2016-02-28 14:47:56 -0500


Started GET "/articles/2" for ::1 at 2016-02-28 14:48:01 -0500
Processing by ArticlesController#show as HTML
  Parameters: {"id"=>"2"}
  [1m[36mArticle Load (0.1ms)[0m  [1mSELECT  "articles".* FROM "articles" WHERE "articles"."id" = ? LIMIT 1[0m  [["id", 2]]
  Rendered articles/show.html.erb within layouts/application (0.1ms)
Completed 200 OK in 23ms (Views: 21.5ms | ActiveRecord: 0.1ms)


Started GET "/articles/2" for ::1 at 2016-02-28 14:48:04 -0500
Processing by ArticlesController#show as HTML
  Parameters: {"id"=>"2"}
  [1m[35mArticle Load (0.1ms)[0m  SELECT  "articles".* FROM "articles" WHERE "articles"."id" = ? LIMIT 1  [["id", 2]]
  Rendered articles/show.html.erb within layouts/application (0.1ms)
Completed 200 OK in 24ms (Views: 22.6ms | ActiveRecord: 0.1ms)


Started GET "/articles/3" for ::1 at 2016-02-28 14:48:08 -0500
Processing by ArticlesController#show as HTML
  Parameters: {"id"=>"3"}
  [1m[36mArticle Load (0.1ms)[0m  [1mSELECT  "articles".* FROM "articles" WHERE "articles"."id" = ? LIMIT 1[0m  [["id", 3]]
  Rendered articles/show.html.erb within layouts/application (0.1ms)
Completed 200 OK in 30ms (Views: 28.6ms | ActiveRecord: 0.1ms)


Started GET "/articles/3" for ::1 at 2016-02-28 14:48:23 -0500
Processing by ArticlesController#show as HTML
  Parameters: {"id"=>"3"}
  [1m[35mArticle Load (0.1ms)[0m  SELECT  "articles".* FROM "articles" WHERE "articles"."id" = ? LIMIT 1  [["id", 3]]
  Rendered articles/show.html.erb within layouts/application (1.6ms)
Completed 200 OK in 60ms (Views: 59.5ms | ActiveRecord: 0.1ms)


Started GET "/assets/articles.self-e3b0c44298fc1c149afbf4c8996fb92427ae41e4649b934ca495991b7852b855.css?body=1" for ::1 at 2016-02-28 14:48:23 -0500


Started GET "/assets/home.self-e3b0c44298fc1c149afbf4c8996fb92427ae41e4649b934ca495991b7852b855.css?body=1" for ::1 at 2016-02-28 14:48:23 -0500


Started GET "/assets/jquery.self-c64a74367bda6ef8b860f19e74df08927ca99d2be2ac934e9e92d5fd361e0da4.js?body=1" for ::1 at 2016-02-28 14:48:23 -0500


Started GET "/assets/turbolinks.self-c37727e9bd6b2735da5c311aa83fead54ed0be6cc8bd9a65309e9c5abe2cbfff.js?body=1" for ::1 at 2016-02-28 14:48:23 -0500


Started GET "/assets/jquery_ujs.self-d602bdfe68ffc63b9f9cc512872aa3cfff046228a0a36e90dd476e8ef54c1b09.js?body=1" for ::1 at 2016-02-28 14:48:23 -0500


Started GET "/assets/application.self-e80e8f2318043e8af94dddc2adad5a4f09739a8ebb323b3ab31cd71d45fd9113.css?body=1" for ::1 at 2016-02-28 14:48:23 -0500


Started GET "/assets/articles.self-877aef30ae1b040ab8a3aba4e3e309a11d7f2612f44dde450b5c157aa5f95c05.js?body=1" for ::1 at 2016-02-28 14:48:23 -0500


Started GET "/assets/home.self-877aef30ae1b040ab8a3aba4e3e309a11d7f2612f44dde450b5c157aa5f95c05.js?body=1" for ::1 at 2016-02-28 14:48:23 -0500


Started GET "/assets/application.self-3b8dabdc891efe46b9a144b400ad69e37d7e5876bdc39dee783419a69d7ca819.js?body=1" for ::1 at 2016-02-28 14:48:23 -0500
